<?xml version="1.0" encoding="UTF-8"?>
<testsuite name="IdentityServerTest" tests="3" skipped="0" failures="0" errors="0" timestamp="2023-04-02T21:11:21" hostname="Vikass-Air" time="0.668">
  <properties/>
  <testcase name="checkPasswordAuthentication()" classname="IdentityServerTest" time="0.617"/>
  <testcase name="checkUserExists()" classname="IdentityServerTest" time="0.048"/>
  <testcase name="checkValidCertificateException()" classname="IdentityServerTest" time="0.002"/>
  <system-out><![CDATA[]]></system-out>
  <system-err><![CDATA[SLF4J: Failed to load class "org.slf4j.impl.StaticLoggerBinder".
SLF4J: Defaulting to no-operation (NOP) logger implementation
SLF4J: See http://www.slf4j.org/codes.html#StaticLoggerBinder for further details.
]]></system-err>
</testsuite>
